<?xml version="1.0" encoding="UTF-8"?>
<!-- Generated by org.testng.reporters.JUnitReportReporter -->
<testsuite hostname="LAPTOP-83ECG1EI" failures="0" tests="1" name="padmaTestingTask.GroverTasktest.SearchProductandAdd2cart" time="25.856" errors="0" timestamp="2022-01-17T19:35:24 CET" skipped="0">
  <testcase classname="padmaTestingTask.GroverTasktest.SearchProductandAdd2cart" name="Test" time="25.856"/>
  <system-out/>
</testsuite> <!-- padmaTestingTask.GroverTasktest.SearchProductandAdd2cart -->
