<?xml version="1.0" encoding="UTF-8"?>
<!-- Generated by org.testng.reporters.JUnitReportReporter -->
<testsuite hostname="LAPTOP-83ECG1EI" failures="0" tests="1" name="padmaTestingTask.GroverTasktest.Demo" time="9.036" errors="0" timestamp="2022-01-17T18:17:09 CET" skipped="0">
  <testcase classname="padmaTestingTask.GroverTasktest.Demo" name="initialDemo" time="9.036"/>
  <system-out/>
</testsuite> <!-- padmaTestingTask.GroverTasktest.Demo -->
