<?xml version="1.0" encoding="UTF-8"?>
<!-- Generated by org.testng.reporters.JUnitReportReporter -->
<testsuite hostname="LAPTOP-83ECG1EI" failures="0" tests="1" name="padmaTestingTask.GroverTasktest.BaseTest" time="7.629" errors="0" timestamp="2022-01-17T18:30:46 CET" skipped="0">
  <testcase classname="padmaTestingTask.GroverTasktest.BaseTest" name="initialDemo" time="7.629"/>
  <system-out/>
</testsuite> <!-- padmaTestingTask.GroverTasktest.BaseTest -->
